2021-03-31.BackhedF_2015.relative_abundance.gender.tsv	9.058835744857788
2021-03-31.BritoIL_2016.relative_abundance.body_site.tsv	2.4911348819732666
2021-03-31.BritoIL_2016.relative_abundance.gender.tsv	6.065673589706421
2021-03-31.BrooksB_2017.relative_abundance.born_method.tsv	5.903730869293213
2021-03-31.BrooksB_2017.relative_abundance.gender.tsv	3.748154401779175
2021-03-31.ChengpingW_2017.relative_abundance.gender.tsv	4.124133348464966
2021-03-31.ChengpingW_2017.relative_abundance.treatment.tsv	3.9057252407073975
2021-03-31.ChngKR_2016.relative_abundance.alcohol.tsv	2.5778141021728516
2021-03-31.ChngKR_2016.relative_abundance.gender.tsv	4.393315315246582
2021-03-31.ChngKR_2016.relative_abundance.study_condition.tsv	2.5095343589782715
2021-03-31.CosteaPI_2017.relative_abundance.country.tsv	3.014273166656494
2021-03-31.CosteaPI_2017.relative_abundance.gender.tsv	5.755025148391724
2021-03-31.DavidLA_2015.relative_abundance.age_category.tsv	3.165316104888916
2021-03-31.DavidLA_2015.relative_abundance.body_subsite.tsv	2.224632740020752
2021-03-31.DeFilippisF_2019.relative_abundance.gender.tsv	2.5075037479400635
2021-03-31.DhakanDB_2019.relative_abundance.gender.tsv	4.073307752609253
2021-03-31.DhakanDB_2019.relative_abundance.location.tsv	2.3902833461761475
2021-03-31.FengQ_2015.relative_abundance.age_category.tsv	3.9024136066436768
2021-03-31.FengQ_2015.relative_abundance.disease_subtype.tsv	5.117573261260986
2021-03-31.FengQ_2015.relative_abundance.gender.tsv	5.05964732170105
2021-03-31.FerrettiP_2018.relative_abundance.age_category.tsv	3.061708688735962
2021-03-31.FerrettiP_2018.relative_abundance.family_role.tsv	2.509856939315796
2021-03-31.GhensiP_2019.relative_abundance.dental_sample_type.tsv	2.792956590652466
2021-03-31.GhensiP_2019.relative_abundance.ever_smoker.tsv	2.7773146629333496
2021-03-31.GhensiP_2019.relative_abundance.history_of_periodontitis.tsv	2.5386290550231934
2021-03-31.GuptaA_2019.relative_abundance.gender.tsv	3.0812840461730957
2021-03-31.GuptaA_2019.relative_abundance.location.tsv	2.3089001178741455
2021-03-31.GuptaA_2019.relative_abundance.study_condition.tsv	2.345672369003296
2021-03-31.HMP_2012.relative_abundance.gender.tsv	12.678102254867554
2021-03-31.HMP_2019_ibdmdb.relative_abundance.disease_subtype.tsv	12.082631826400757
2021-03-31.HMP_2019_ibdmdb.relative_abundance.gender.tsv	13.197753429412842
2021-03-31.HMP_2019_t2d.relative_abundance.gender.tsv	3.5175013542175293
2021-03-31.HallAB_2017.relative_abundance.disease_subtype.tsv	3.192203998565674
2021-03-31.HallAB_2017.relative_abundance.location.tsv	3.8549864292144775
2021-03-31.HanniganGD_2017.relative_abundance.country.tsv	2.5182063579559326
2021-03-31.HanniganGD_2017.relative_abundance.gender.tsv	2.775521755218506
2021-03-31.HansenLBS_2018.relative_abundance.gender.tsv	2.658129930496216
2021-03-31.HansenLBS_2018.relative_abundance.uncurated_metadata.tsv	3.376838207244873
2021-03-31.IjazUZ_2017.relative_abundance.remission.tsv	2.3911638259887695
2021-03-31.IjazUZ_2017.relative_abundance.study_condition.tsv	2.5053341388702393
2021-03-31.JieZ_2017.relative_abundance.gender.tsv	7.07627272605896
2021-03-31.JieZ_2017.relative_abundance.smoker.tsv	2.455336809158325
2021-03-31.JieZ_2017.relative_abundance.study_condition.tsv	7.082374334335327
2021-03-31.KeohaneDM_2020.relative_abundance.ever_smoker.tsv	4.637115478515625
2021-03-31.KeohaneDM_2020.relative_abundance.gender.tsv	4.351153373718262
2021-03-31.KeohaneDM_2020.relative_abundance.smoker.tsv	4.871530294418335
2021-03-31.KieserS_2018.relative_abundance.location.tsv	2.0224921703338623
2021-03-31.KieserS_2018.relative_abundance.study_condition.tsv	2.0666370391845703
2021-03-31.KosticAD_2015.relative_abundance.disease_subtype.tsv	2.691802978515625
2021-03-31.KosticAD_2015.relative_abundance.gender.tsv	4.072783946990967
2021-03-31.LeChatelierE_2013.relative_abundance.gender.tsv	2.6278138160705566
2021-03-31.LiJ_2014.relative_abundance.disease_subtype.tsv	4.274716854095459
2021-03-31.LiJ_2014.relative_abundance.gender.tsv	5.495014667510986
2021-03-31.LifeLinesDeep_2016.relative_abundance.gender.tsv	10.588011503219604
2021-03-31.LiuW_2016.relative_abundance.non_westernized.tsv	4.8005945682525635
2021-03-31.LokmerA_2019.relative_abundance.gender.tsv	2.922271490097046
2021-03-31.LomanNJ_2013.relative_abundance.shigatoxin_2_elisa.tsv	2.134254217147827
2021-03-31.MatsonV_2018.relative_abundance.anti_PD_1.tsv	2.273695230484009
2021-03-31.NagySzakalD_2017.relative_abundance.study_condition.tsv	2.5429606437683105
2021-03-31.NielsenHB_2014.relative_abundance.country.tsv	5.330125570297241
2021-03-31.NielsenHB_2014.relative_abundance.gender.tsv	6.7111406326293945
2021-03-31.NielsenHB_2014.relative_abundance.study_condition.tsv	5.027024030685425
2021-03-31.Obregon-TitoAJ_2015.relative_abundance.country.tsv	2.0659737586975098
2021-03-31.Obregon-TitoAJ_2015.relative_abundance.gender.tsv	2.5412659645080566
2021-03-31.Obregon-TitoAJ_2015.relative_abundance.non_westernized.tsv	2.3769240379333496
2021-03-31.OhJ_2014.relative_abundance.gender.tsv	8.915219783782959
2021-03-31.PasolliE_2019.relative_abundance.gender.tsv	2.4108340740203857
2021-03-31.QinJ_2012.relative_abundance.gender.tsv	6.55436110496521
2021-03-31.QinJ_2012.relative_abundance.study_condition.tsv	8.162205934524536
2021-03-31.QinN_2014.relative_abundance.gender.tsv	5.212170839309692
2021-03-31.QinN_2014.relative_abundance.study_condition.tsv	5.244691848754883
2021-03-31.RampelliS_2015.relative_abundance.gender.tsv	2.2865545749664307
2021-03-31.RaymondF_2016.relative_abundance.gender.tsv	2.3910815715789795
2021-03-31.RubelMA_2020.relative_abundance.gender.tsv	5.308149099349976
2021-03-31.RubelMA_2020.relative_abundance.study_condition.tsv	2.4964559078216553
2021-03-31.SchirmerM_2016.relative_abundance.birth_control_pil.tsv	6.840248107910156
2021-03-31.SchirmerM_2016.relative_abundance.gender.tsv	7.187668085098267
2021-03-31.ShaoY_2019.relative_abundance.born_method.tsv	14.934601545333862
2021-03-31.ShaoY_2019.relative_abundance.gender.tsv	13.715988159179688
2021-03-31.ShiB_2015.relative_abundance.study_condition.tsv	2.4530022144317627
2021-03-31.SmitsSA_2017.relative_abundance.gender.tsv	2.482332706451416
2021-03-31.TettAJ_2016.relative_abundance.gender.tsv	2.6521594524383545
2021-03-31.TettAJ_2016.relative_abundance.location.tsv	2.2434303760528564
2021-03-31.TettAJ_2016.relative_abundance.study_condition.tsv	2.757338047027588
2021-03-31.TettAJ_2019_c.relative_abundance.family_role.tsv	2.498167037963867
2021-03-31.ThomasAM_2018a.relative_abundance.age_category.tsv	2.8082590103149414
2021-03-31.ThomasAM_2018a.relative_abundance.disease_subtype.tsv	2.540881872177124
2021-03-31.ThomasAM_2018a.relative_abundance.gender.tsv	3.5228111743927
2021-03-31.ThomasAM_2018b.relative_abundance.gender.tsv	2.1575379371643066
2021-03-31.ThomasAM_2018b.relative_abundance.study_condition.tsv	2.696277618408203
2021-03-31.ThomasAM_2019_c.relative_abundance.age_category.tsv	2.5799479484558105
2021-03-31.ThomasAM_2019_c.relative_abundance.gender.tsv	2.58160400390625
2021-03-31.ThomasAM_2019_c.relative_abundance.study_condition.tsv	3.579801321029663
2021-03-31.VatanenT_2016.relative_abundance.age_category.tsv	6.280503749847412
2021-03-31.VatanenT_2016.relative_abundance.gender.tsv	9.317097425460815
2021-03-31.VilaAV_2018.relative_abundance.gender.tsv	8.204021692276001
2021-03-31.VincentC_2016.relative_abundance.gender.tsv	2.0089962482452393
2021-03-31.VogtmannE_2016.relative_abundance.age_category.tsv	3.554161310195923
2021-03-31.VogtmannE_2016.relative_abundance.study_condition.tsv	4.692220449447632
2021-03-31.WampachL_2018.relative_abundance.age_category.tsv	2.9858665466308594
2021-03-31.WampachL_2018.relative_abundance.born_method.tsv	2.4353723526000977
2021-03-31.WampachL_2018.relative_abundance.gender.tsv	2.4429709911346436
2021-03-31.WirbelJ_2018.relative_abundance.gender.tsv	3.9766173362731934
2021-03-31.WirbelJ_2018.relative_abundance.study_condition.tsv	3.9486470222473145
2021-03-31.XieH_2016.relative_abundance.birth_order.tsv	4.851580858230591
2021-03-31.XieH_2016.relative_abundance.ever_smoker.tsv	5.695694923400879
2021-03-31.YachidaS_2019.relative_abundance.age_category.tsv	10.025906324386597
2021-03-31.YachidaS_2019.relative_abundance.gender.tsv	9.328730583190918
2021-03-31.YassourM_2018.relative_abundance.age_category.tsv	2.862227201461792
2021-03-31.YassourM_2018.relative_abundance.family_role.tsv	2.9739675521850586
2021-03-31.YassourM_2018.relative_abundance.feeding_practice.tsv	3.740938901901245
2021-03-31.YeZ_2018.relative_abundance.study_condition.tsv	2.0171594619750977
2021-03-31.YuJ_2015.relative_abundance.age_category.tsv	2.972907304763794
2021-03-31.YuJ_2015.relative_abundance.ever_smoker.tsv	2.4228649139404297
2021-03-31.YuJ_2015.relative_abundance.gender.tsv	2.22287917137146
2021-03-31.YuJ_2015.relative_abundance.study_condition.tsv	2.784855842590332
2021-03-31.ZeeviD_2015.relative_abundance.gender.tsv	13.333427667617798
2021-03-31.ZellerG_2014.relative_abundance.age_category.tsv	2.5580391883850098
2021-03-31.ZellerG_2014.relative_abundance.gender.tsv	3.0441110134124756
2021-03-31.ZhuF_2020.relative_abundance.disease_subtype.tsv	2.566777229309082
2021-03-31.ZhuF_2020.relative_abundance.gender.tsv	5.645527601242065
2021-03-31.ZhuF_2020.relative_abundance.study_condition.tsv	7.802104473114014
2021-04-02.ChuDM_2017.relative_abundance.gender.tsv	2.277885675430298
2021-04-02.PehrssonE_2016.relative_abundance.country.tsv	5.018467903137207
2021-04-02.PehrssonE_2016.relative_abundance.gender.tsv	6.670499801635742
2021-04-02.PehrssonE_2016.relative_abundance.location.tsv	4.995019912719727
2021-10-14.BackhedF_2015.relative_abundance.gender.tsv	5.106695652008057
2021-10-14.BrooksB_2017.relative_abundance.born_method.tsv	7.6744420528411865
2021-10-14.BrooksB_2017.relative_abundance.gender.tsv	7.6998231410980225
2021-10-14.ChengpingW_2017.relative_abundance.gender.tsv	4.420614004135132
2021-10-14.ChengpingW_2017.relative_abundance.treatment.tsv	3.3172056674957275
2021-10-14.CosteaPI_2017.relative_abundance.country.tsv	3.6651484966278076
2021-10-14.CosteaPI_2017.relative_abundance.gender.tsv	6.314938068389893
2021-10-14.HMP_2019_ibdmdb.relative_abundance.disease_subtype.tsv	9.381955862045288
2021-10-14.HMP_2019_ibdmdb.relative_abundance.gender.tsv	14.186595916748047
2021-10-14.HallAB_2017.relative_abundance.disease_subtype.tsv	2.680239677429199
2021-10-14.HallAB_2017.relative_abundance.location.tsv	2.7602436542510986
2021-10-14.HansenLBS_2018.relative_abundance.gender.tsv	2.6817374229431152
2021-10-14.HansenLBS_2018.relative_abundance.uncurated_metadata.tsv	4.016159772872925
2021-10-14.IjazUZ_2017.relative_abundance.remission.tsv	2.3363125324249268
2021-10-14.IjazUZ_2017.relative_abundance.study_condition.tsv	2.434417247772217
2021-10-14.JieZ_2017.relative_abundance.gender.tsv	7.413892030715942
2021-10-14.JieZ_2017.relative_abundance.smoker.tsv	3.0860702991485596
2021-10-14.JieZ_2017.relative_abundance.study_condition.tsv	4.474671840667725
2021-10-14.KieserS_2018.relative_abundance.location.tsv	2.735797643661499
2021-10-14.KieserS_2018.relative_abundance.study_condition.tsv	2.632265329360962
2021-10-14.LiuW_2016.relative_abundance.non_westernized.tsv	3.5237021446228027
2021-10-14.LokmerA_2019.relative_abundance.gender.tsv	2.785912036895752
2021-10-14.MatsonV_2018.relative_abundance.anti_PD_1.tsv	2.655949592590332
2021-10-14.NagySzakalD_2017.relative_abundance.study_condition.tsv	4.633141756057739
2021-10-14.OhJ_2014.relative_abundance.gender.tsv	12.438329458236694
2021-10-14.PehrssonE_2016.relative_abundance.country.tsv	3.117750644683838
2021-10-14.PehrssonE_2016.relative_abundance.gender.tsv	6.011630296707153
2021-10-14.PehrssonE_2016.relative_abundance.location.tsv	3.478034496307373
2021-10-14.QinJ_2012.relative_abundance.gender.tsv	6.2026073932647705
2021-10-14.QinJ_2012.relative_abundance.study_condition.tsv	7.355906963348389
2021-10-14.RubelMA_2020.relative_abundance.gender.tsv	2.566357135772705
2021-10-14.RubelMA_2020.relative_abundance.study_condition.tsv	4.866994142532349
2021-10-14.ShiB_2015.relative_abundance.study_condition.tsv	2.429523468017578
2021-10-14.YachidaS_2019.relative_abundance.age_category.tsv	4.942728757858276
2021-10-14.YachidaS_2019.relative_abundance.gender.tsv	9.172308683395386
2022-04-13.FrankelAE_2017.relative_abundance.ORR.tsv	2.3996329307556152
2022-04-13.FrankelAE_2017.relative_abundance.age_category.tsv	2.3995745182037354
2022-04-13.LeeKA_2022.relative_abundance.ORR.tsv	3.0517892837524414
2022-04-13.LeeKA_2022.relative_abundance.PFS12.tsv	2.9519691467285156
2022-04-13.LeeKA_2022.relative_abundance.age_category.tsv	3.7566730976104736
2022-04-13.LeeKA_2022.relative_abundance.gender.tsv	3.0303847789764404
