2021-03-31.BackhedF_2015.relative_abundance.gender.tsv	3.06795334815979
2021-03-31.BritoIL_2016.relative_abundance.body_site.tsv	2.4768736362457275
2021-03-31.BritoIL_2016.relative_abundance.gender.tsv	2.9738235473632812
2021-03-31.BrooksB_2017.relative_abundance.born_method.tsv	2.5869815349578857
2021-03-31.BrooksB_2017.relative_abundance.gender.tsv	2.38761305809021
2021-03-31.ChengpingW_2017.relative_abundance.gender.tsv	2.1355998516082764
2021-03-31.ChengpingW_2017.relative_abundance.treatment.tsv	2.593764305114746
2021-03-31.ChngKR_2016.relative_abundance.alcohol.tsv	2.5041732788085938
2021-03-31.ChngKR_2016.relative_abundance.gender.tsv	2.4351446628570557
2021-03-31.ChngKR_2016.relative_abundance.study_condition.tsv	2.2398459911346436
2021-03-31.CosteaPI_2017.relative_abundance.country.tsv	2.3572628498077393
2021-03-31.CosteaPI_2017.relative_abundance.gender.tsv	2.4361345767974854
2021-03-31.DavidLA_2015.relative_abundance.age_category.tsv	2.308542490005493
2021-03-31.DavidLA_2015.relative_abundance.body_subsite.tsv	2.2859389781951904
2021-03-31.DeFilippisF_2019.relative_abundance.gender.tsv	2.444812536239624
2021-03-31.DhakanDB_2019.relative_abundance.gender.tsv	2.3473527431488037
2021-03-31.DhakanDB_2019.relative_abundance.location.tsv	2.2050392627716064
2021-03-31.FengQ_2015.relative_abundance.age_category.tsv	2.9474918842315674
2021-03-31.FengQ_2015.relative_abundance.disease_subtype.tsv	2.4195315837860107
2021-03-31.FengQ_2015.relative_abundance.gender.tsv	2.5633230209350586
2021-03-31.FerrettiP_2018.relative_abundance.age_category.tsv	2.401948928833008
2021-03-31.FerrettiP_2018.relative_abundance.family_role.tsv	2.364788055419922
2021-03-31.GhensiP_2019.relative_abundance.dental_sample_type.tsv	3.057046413421631
2021-03-31.GhensiP_2019.relative_abundance.ever_smoker.tsv	2.9503564834594727
2021-03-31.GhensiP_2019.relative_abundance.history_of_periodontitis.tsv	3.0489823818206787
2021-03-31.GuptaA_2019.relative_abundance.gender.tsv	3.199369192123413
2021-03-31.GuptaA_2019.relative_abundance.location.tsv	3.2217137813568115
2021-03-31.GuptaA_2019.relative_abundance.study_condition.tsv	2.310563564300537
2021-03-31.HMP_2012.relative_abundance.gender.tsv	3.240074872970581
2021-03-31.HMP_2019_ibdmdb.relative_abundance.disease_subtype.tsv	4.867724895477295
2021-03-31.HMP_2019_ibdmdb.relative_abundance.gender.tsv	6.028219699859619
2021-03-31.HMP_2019_t2d.relative_abundance.gender.tsv	2.600205659866333
2021-03-31.HallAB_2017.relative_abundance.disease_subtype.tsv	2.2417733669281006
2021-03-31.HallAB_2017.relative_abundance.location.tsv	2.4587135314941406
2021-03-31.HanniganGD_2017.relative_abundance.country.tsv	2.152740955352783
2021-03-31.HanniganGD_2017.relative_abundance.gender.tsv	2.3945348262786865
2021-03-31.HansenLBS_2018.relative_abundance.gender.tsv	2.538233518600464
2021-03-31.HansenLBS_2018.relative_abundance.uncurated_metadata.tsv	2.6189839839935303
2021-03-31.IjazUZ_2017.relative_abundance.remission.tsv	2.419492244720459
2021-03-31.IjazUZ_2017.relative_abundance.study_condition.tsv	2.397188901901245
2021-03-31.JieZ_2017.relative_abundance.gender.tsv	2.3937039375305176
2021-03-31.JieZ_2017.relative_abundance.smoker.tsv	2.275264024734497
2021-03-31.JieZ_2017.relative_abundance.study_condition.tsv	2.8284387588500977
2021-03-31.KeohaneDM_2020.relative_abundance.ever_smoker.tsv	2.516033411026001
2021-03-31.KeohaneDM_2020.relative_abundance.gender.tsv	2.3752737045288086
2021-03-31.KeohaneDM_2020.relative_abundance.smoker.tsv	2.3898391723632812
2021-03-31.KieserS_2018.relative_abundance.location.tsv	2.338728189468384
2021-03-31.KieserS_2018.relative_abundance.study_condition.tsv	2.2282350063323975
2021-03-31.KosticAD_2015.relative_abundance.disease_subtype.tsv	2.495192766189575
2021-03-31.KosticAD_2015.relative_abundance.gender.tsv	2.469972848892212
2021-03-31.LeChatelierE_2013.relative_abundance.gender.tsv	2.7538838386535645
2021-03-31.LiJ_2014.relative_abundance.disease_subtype.tsv	2.624235153198242
2021-03-31.LiJ_2014.relative_abundance.gender.tsv	2.992889642715454
2021-03-31.LifeLinesDeep_2016.relative_abundance.gender.tsv	4.192411661148071
2021-03-31.LiuW_2016.relative_abundance.non_westernized.tsv	2.2809340953826904
2021-03-31.LokmerA_2019.relative_abundance.gender.tsv	2.3851137161254883
2021-03-31.LomanNJ_2013.relative_abundance.shigatoxin_2_elisa.tsv	2.3856282234191895
2021-03-31.MatsonV_2018.relative_abundance.anti_PD_1.tsv	2.3996851444244385
2021-03-31.NagySzakalD_2017.relative_abundance.study_condition.tsv	2.5564730167388916
2021-03-31.NielsenHB_2014.relative_abundance.country.tsv	3.136357307434082
2021-03-31.NielsenHB_2014.relative_abundance.gender.tsv	3.024639844894409
2021-03-31.NielsenHB_2014.relative_abundance.study_condition.tsv	2.518350124359131
2021-03-31.Obregon-TitoAJ_2015.relative_abundance.country.tsv	2.47587513923645
2021-03-31.Obregon-TitoAJ_2015.relative_abundance.gender.tsv	2.384791612625122
2021-03-31.Obregon-TitoAJ_2015.relative_abundance.non_westernized.tsv	2.284554958343506
2021-03-31.PasolliE_2019.relative_abundance.gender.tsv	2.4115850925445557
2021-03-31.QinJ_2012.relative_abundance.gender.tsv	3.126046895980835
2021-03-31.QinJ_2012.relative_abundance.study_condition.tsv	2.7051243782043457
2021-03-31.QinN_2014.relative_abundance.gender.tsv	2.708099842071533
2021-03-31.QinN_2014.relative_abundance.study_condition.tsv	2.8130767345428467
2021-03-31.RampelliS_2015.relative_abundance.gender.tsv	2.2624292373657227
2021-03-31.RaymondF_2016.relative_abundance.gender.tsv	2.493738889694214
2021-03-31.RubelMA_2020.relative_abundance.gender.tsv	2.690385580062866
2021-03-31.RubelMA_2020.relative_abundance.study_condition.tsv	2.73156476020813
2021-03-31.SchirmerM_2016.relative_abundance.birth_control_pil.tsv	2.635622978210449
2021-03-31.SchirmerM_2016.relative_abundance.gender.tsv	2.8315019607543945
2021-03-31.ShaoY_2019.relative_abundance.born_method.tsv	5.207536935806274
2021-03-31.ShaoY_2019.relative_abundance.gender.tsv	4.327676773071289
2021-03-31.ShiB_2015.relative_abundance.study_condition.tsv	2.2814838886260986
2021-03-31.SmitsSA_2017.relative_abundance.gender.tsv	2.5659337043762207
2021-03-31.TettAJ_2016.relative_abundance.gender.tsv	2.321241617202759
2021-03-31.TettAJ_2016.relative_abundance.location.tsv	2.644784927368164
2021-03-31.TettAJ_2016.relative_abundance.study_condition.tsv	2.1680049896240234
2021-03-31.TettAJ_2019_c.relative_abundance.family_role.tsv	2.4045827388763428
2021-03-31.ThomasAM_2018a.relative_abundance.age_category.tsv	2.5604264736175537
2021-03-31.ThomasAM_2018a.relative_abundance.disease_subtype.tsv	2.429286003112793
2021-03-31.ThomasAM_2018a.relative_abundance.gender.tsv	2.3702709674835205
2021-03-31.ThomasAM_2018b.relative_abundance.gender.tsv	2.3967676162719727
2021-03-31.ThomasAM_2018b.relative_abundance.study_condition.tsv	2.378770112991333
2021-03-31.ThomasAM_2019_c.relative_abundance.age_category.tsv	2.4788570404052734
2021-03-31.ThomasAM_2019_c.relative_abundance.gender.tsv	2.5260097980499268
2021-03-31.ThomasAM_2019_c.relative_abundance.study_condition.tsv	2.715485095977783
2021-03-31.VatanenT_2016.relative_abundance.age_category.tsv	2.7511203289031982
2021-03-31.VatanenT_2016.relative_abundance.gender.tsv	2.996502637863159
2021-03-31.VilaAV_2018.relative_abundance.gender.tsv	2.245513677597046
2021-03-31.VincentC_2016.relative_abundance.gender.tsv	2.0728797912597656
2021-03-31.VogtmannE_2016.relative_abundance.age_category.tsv	2.2699897289276123
2021-03-31.VogtmannE_2016.relative_abundance.study_condition.tsv	2.7607765197753906
2021-03-31.WampachL_2018.relative_abundance.age_category.tsv	2.371670961380005
2021-03-31.WampachL_2018.relative_abundance.born_method.tsv	2.3112034797668457
2021-03-31.WampachL_2018.relative_abundance.gender.tsv	2.264286518096924
2021-03-31.WirbelJ_2018.relative_abundance.age_category.tsv	2.551518678665161
2021-03-31.WirbelJ_2018.relative_abundance.gender.tsv	2.1500229835510254
2021-03-31.WirbelJ_2018.relative_abundance.study_condition.tsv	2.4007201194763184
2021-03-31.XieH_2016.relative_abundance.birth_order.tsv	2.533524990081787
2021-03-31.XieH_2016.relative_abundance.ever_smoker.tsv	2.5044612884521484
2021-03-31.YachidaS_2019.relative_abundance.age_category.tsv	3.0979816913604736
2021-03-31.YachidaS_2019.relative_abundance.gender.tsv	3.0632164478302
2021-03-31.YassourM_2018.relative_abundance.age_category.tsv	2.4651999473571777
2021-03-31.YassourM_2018.relative_abundance.family_role.tsv	2.4915239810943604
2021-03-31.YassourM_2018.relative_abundance.feeding_practice.tsv	2.5627152919769287
2021-03-31.YeZ_2018.relative_abundance.study_condition.tsv	2.2151095867156982
2021-03-31.YuJ_2015.relative_abundance.age_category.tsv	2.2729439735412598
2021-03-31.YuJ_2015.relative_abundance.gender.tsv	2.3179616928100586
2021-03-31.YuJ_2015.relative_abundance.study_condition.tsv	2.671375036239624
2021-03-31.ZeeviD_2015.relative_abundance.gender.tsv	3.5072431564331055
2021-03-31.ZellerG_2014.relative_abundance.age_category.tsv	2.8515501022338867
2021-03-31.ZellerG_2014.relative_abundance.gender.tsv	3.254819869995117
2021-03-31.ZhuF_2020.relative_abundance.disease_subtype.tsv	3.1894989013671875
2021-03-31.ZhuF_2020.relative_abundance.gender.tsv	3.3700246810913086
2021-03-31.ZhuF_2020.relative_abundance.study_condition.tsv	2.956869125366211
2021-04-02.ChuDM_2017.relative_abundance.gender.tsv	2.925638437271118
2021-04-02.PehrssonE_2016.relative_abundance.country.tsv	2.8678860664367676
2021-04-02.PehrssonE_2016.relative_abundance.gender.tsv	3.169921636581421
2021-04-02.PehrssonE_2016.relative_abundance.location.tsv	3.059255838394165
2021-10-14.BackhedF_2015.relative_abundance.gender.tsv	3.377703905105591
2021-10-14.BrooksB_2017.relative_abundance.born_method.tsv	3.3006553649902344
2021-10-14.BrooksB_2017.relative_abundance.gender.tsv	3.0900168418884277
2021-10-14.ChengpingW_2017.relative_abundance.gender.tsv	3.1006410121917725
2021-10-14.ChengpingW_2017.relative_abundance.treatment.tsv	3.776003122329712
2021-10-14.CosteaPI_2017.relative_abundance.country.tsv	2.5726609230041504
2021-10-14.CosteaPI_2017.relative_abundance.gender.tsv	2.3350353240966797
2021-10-14.HMP_2019_ibdmdb.relative_abundance.disease_subtype.tsv	4.106936454772949
2021-10-14.HMP_2019_ibdmdb.relative_abundance.gender.tsv	5.587116718292236
2021-10-14.HallAB_2017.relative_abundance.disease_subtype.tsv	2.337515354156494
2021-10-14.HallAB_2017.relative_abundance.location.tsv	2.2281363010406494
2021-10-14.HansenLBS_2018.relative_abundance.gender.tsv	2.1101043224334717
2021-10-14.HansenLBS_2018.relative_abundance.uncurated_metadata.tsv	2.700594902038574
2021-10-14.IjazUZ_2017.relative_abundance.remission.tsv	2.2621381282806396
2021-10-14.IjazUZ_2017.relative_abundance.study_condition.tsv	2.4778242111206055
2021-10-14.JieZ_2017.relative_abundance.gender.tsv	2.574016571044922
2021-10-14.JieZ_2017.relative_abundance.smoker.tsv	2.2412195205688477
2021-10-14.JieZ_2017.relative_abundance.study_condition.tsv	2.6546390056610107
2021-10-14.KieserS_2018.relative_abundance.location.tsv	2.1827590465545654
2021-10-14.KieserS_2018.relative_abundance.study_condition.tsv	2.1381590366363525
2021-10-14.LiuW_2016.relative_abundance.non_westernized.tsv	2.3673105239868164
2021-10-14.LokmerA_2019.relative_abundance.gender.tsv	2.177658796310425
2021-10-14.MatsonV_2018.relative_abundance.anti_PD_1.tsv	2.0323684215545654
2021-10-14.NagySzakalD_2017.relative_abundance.study_condition.tsv	2.19134783744812
2021-10-14.OhJ_2014.relative_abundance.gender.tsv	2.1941769123077393
2021-10-14.PehrssonE_2016.relative_abundance.country.tsv	2.5228614807128906
2021-10-14.PehrssonE_2016.relative_abundance.gender.tsv	2.3445794582366943
2021-10-14.PehrssonE_2016.relative_abundance.location.tsv	2.3669893741607666
2021-10-14.QinJ_2012.relative_abundance.gender.tsv	2.4570977687835693
2021-10-14.QinJ_2012.relative_abundance.study_condition.tsv	2.8591084480285645
2021-10-14.RubelMA_2020.relative_abundance.gender.tsv	2.042940616607666
2021-10-14.RubelMA_2020.relative_abundance.study_condition.tsv	2.4228994846343994
2021-10-14.ShiB_2015.relative_abundance.study_condition.tsv	2.3389244079589844
2021-10-14.YachidaS_2019.relative_abundance.age_category.tsv	2.666282892227173
2021-10-14.YachidaS_2019.relative_abundance.gender.tsv	3.6283648014068604
2022-04-13.FrankelAE_2017.relative_abundance.ORR.tsv	2.430190086364746
2022-04-13.LeeKA_2022.relative_abundance.ORR.tsv	2.2858712673187256
2022-04-13.LeeKA_2022.relative_abundance.PFS12.tsv	2.5402071475982666
2022-04-13.LeeKA_2022.relative_abundance.age_category.tsv	2.5278682708740234
2022-04-13.LeeKA_2022.relative_abundance.gender.tsv	2.4341564178466797
