2021-03-31.BackhedF_2015.relative_abundance.gender.tsv	9.671251058578491
2021-03-31.BritoIL_2016.relative_abundance.body_site.tsv	9.493080139160156
2021-03-31.BritoIL_2016.relative_abundance.gender.tsv	11.075817346572876
2021-03-31.BrooksB_2017.relative_abundance.born_method.tsv	9.827657699584961
2021-03-31.BrooksB_2017.relative_abundance.gender.tsv	9.550671577453613
2021-03-31.ChengpingW_2017.relative_abundance.gender.tsv	8.280224800109863
2021-03-31.ChengpingW_2017.relative_abundance.treatment.tsv	9.30665135383606
2021-03-31.ChngKR_2016.relative_abundance.alcohol.tsv	9.389911890029907
2021-03-31.ChngKR_2016.relative_abundance.gender.tsv	9.49691367149353
2021-03-31.ChngKR_2016.relative_abundance.study_condition.tsv	9.947916507720947
2021-03-31.CosteaPI_2017.relative_abundance.country.tsv	9.976256608963013
2021-03-31.CosteaPI_2017.relative_abundance.gender.tsv	9.919398069381714
2021-03-31.DavidLA_2015.relative_abundance.age_category.tsv	8.031960487365723
2021-03-31.DavidLA_2015.relative_abundance.body_subsite.tsv	8.582613468170166
2021-03-31.DeFilippisF_2019.relative_abundance.gender.tsv	10.74859619140625
2021-03-31.DhakanDB_2019.relative_abundance.gender.tsv	8.458951234817505
2021-03-31.DhakanDB_2019.relative_abundance.location.tsv	9.463091611862183
2021-03-31.FengQ_2015.relative_abundance.age_category.tsv	9.888197660446167
2021-03-31.FengQ_2015.relative_abundance.disease_subtype.tsv	9.94934630393982
2021-03-31.FengQ_2015.relative_abundance.gender.tsv	9.661564826965332
2021-03-31.FerrettiP_2018.relative_abundance.age_category.tsv	11.364633798599243
2021-03-31.FerrettiP_2018.relative_abundance.family_role.tsv	11.380353212356567
2021-03-31.GhensiP_2019.relative_abundance.dental_sample_type.tsv	9.35413408279419
2021-03-31.GhensiP_2019.relative_abundance.ever_smoker.tsv	8.767836570739746
2021-03-31.GhensiP_2019.relative_abundance.history_of_periodontitis.tsv	9.035088539123535
2021-03-31.GuptaA_2019.relative_abundance.gender.tsv	8.364954948425293
2021-03-31.GuptaA_2019.relative_abundance.location.tsv	9.156245708465576
2021-03-31.GuptaA_2019.relative_abundance.study_condition.tsv	9.28031325340271
2021-03-31.HMP_2012.relative_abundance.gender.tsv	11.201056241989136
2021-03-31.HMP_2019_ibdmdb.relative_abundance.disease_subtype.tsv	11.462898254394531
2021-03-31.HMP_2019_ibdmdb.relative_abundance.gender.tsv	11.864363193511963
2021-03-31.HMP_2019_t2d.relative_abundance.gender.tsv	9.862356662750244
2021-03-31.HallAB_2017.relative_abundance.disease_subtype.tsv	10.652950763702393
2021-03-31.HallAB_2017.relative_abundance.location.tsv	10.863869190216064
2021-03-31.HanniganGD_2017.relative_abundance.country.tsv	8.536821842193604
2021-03-31.HanniganGD_2017.relative_abundance.gender.tsv	8.1586012840271
2021-03-31.HansenLBS_2018.relative_abundance.gender.tsv	10.654217720031738
2021-03-31.HansenLBS_2018.relative_abundance.uncurated_metadata.tsv	9.187002658843994
2021-03-31.IjazUZ_2017.relative_abundance.remission.tsv	9.442743301391602
2021-03-31.IjazUZ_2017.relative_abundance.study_condition.tsv	7.46453595161438
2021-03-31.JieZ_2017.relative_abundance.gender.tsv	10.483889102935791
2021-03-31.JieZ_2017.relative_abundance.smoker.tsv	9.245388269424438
2021-03-31.JieZ_2017.relative_abundance.study_condition.tsv	10.841592788696289
2021-03-31.KeohaneDM_2020.relative_abundance.ever_smoker.tsv	8.043031454086304
2021-03-31.KeohaneDM_2020.relative_abundance.gender.tsv	8.732670545578003
2021-03-31.KeohaneDM_2020.relative_abundance.smoker.tsv	8.297902345657349
2021-03-31.KieserS_2018.relative_abundance.location.tsv	8.25483512878418
2021-03-31.KieserS_2018.relative_abundance.study_condition.tsv	8.157910346984863
2021-03-31.KosticAD_2015.relative_abundance.disease_subtype.tsv	8.448006629943848
2021-03-31.KosticAD_2015.relative_abundance.gender.tsv	9.916191101074219
2021-03-31.LeChatelierE_2013.relative_abundance.gender.tsv	8.57603645324707
2021-03-31.LiJ_2014.relative_abundance.disease_subtype.tsv	9.834652662277222
2021-03-31.LiJ_2014.relative_abundance.gender.tsv	9.172057390213013
2021-03-31.LifeLinesDeep_2016.relative_abundance.gender.tsv	12.233065366744995
2021-03-31.LiuW_2016.relative_abundance.non_westernized.tsv	9.438826322555542
2021-03-31.LokmerA_2019.relative_abundance.gender.tsv	10.484699249267578
2021-03-31.LomanNJ_2013.relative_abundance.shigatoxin_2_elisa.tsv	8.27713942527771
2021-03-31.MatsonV_2018.relative_abundance.anti_PD_1.tsv	9.560185670852661
2021-03-31.NagySzakalD_2017.relative_abundance.study_condition.tsv	8.273240804672241
2021-03-31.NielsenHB_2014.relative_abundance.country.tsv	11.086012601852417
2021-03-31.NielsenHB_2014.relative_abundance.gender.tsv	11.563101530075073
2021-03-31.NielsenHB_2014.relative_abundance.study_condition.tsv	11.376389265060425
2021-03-31.Obregon-TitoAJ_2015.relative_abundance.country.tsv	9.354888677597046
2021-03-31.Obregon-TitoAJ_2015.relative_abundance.gender.tsv	9.608886241912842
2021-03-31.Obregon-TitoAJ_2015.relative_abundance.non_westernized.tsv	8.780433654785156
2021-03-31.OhJ_2014.relative_abundance.gender.tsv	11.846251964569092
2021-03-31.PasolliE_2019.relative_abundance.gender.tsv	9.308230638504028
2021-03-31.QinJ_2012.relative_abundance.gender.tsv	9.031096696853638
2021-03-31.QinJ_2012.relative_abundance.study_condition.tsv	10.622705936431885
2021-03-31.QinN_2014.relative_abundance.gender.tsv	9.03392505645752
2021-03-31.QinN_2014.relative_abundance.study_condition.tsv	10.008638620376587
2021-03-31.RampelliS_2015.relative_abundance.gender.tsv	7.414117097854614
2021-03-31.RaymondF_2016.relative_abundance.gender.tsv	8.67684292793274
2021-03-31.RubelMA_2020.relative_abundance.gender.tsv	9.435879945755005
2021-03-31.RubelMA_2020.relative_abundance.study_condition.tsv	10.427457571029663
2021-03-31.SchirmerM_2016.relative_abundance.birth_control_pil.tsv	9.107549905776978
2021-03-31.SchirmerM_2016.relative_abundance.gender.tsv	10.8309326171875
2021-03-31.ShaoY_2019.relative_abundance.born_method.tsv	12.856240510940552
2021-03-31.ShaoY_2019.relative_abundance.gender.tsv	12.091119289398193
2021-03-31.ShiB_2015.relative_abundance.study_condition.tsv	8.35527753829956
2021-03-31.SmitsSA_2017.relative_abundance.gender.tsv	7.05034065246582
2021-03-31.TettAJ_2016.relative_abundance.gender.tsv	9.452812433242798
2021-03-31.TettAJ_2016.relative_abundance.location.tsv	9.930639505386353
2021-03-31.TettAJ_2016.relative_abundance.study_condition.tsv	9.191080570220947
2021-03-31.TettAJ_2019_c.relative_abundance.family_role.tsv	9.538594961166382
2021-03-31.ThomasAM_2018a.relative_abundance.age_category.tsv	9.653424263000488
2021-03-31.ThomasAM_2018a.relative_abundance.disease_subtype.tsv	8.355538845062256
2021-03-31.ThomasAM_2018a.relative_abundance.gender.tsv	8.149653434753418
2021-03-31.ThomasAM_2018b.relative_abundance.gender.tsv	9.562950134277344
2021-03-31.ThomasAM_2018b.relative_abundance.study_condition.tsv	8.648051977157593
2021-03-31.ThomasAM_2019_c.relative_abundance.age_category.tsv	10.59831953048706
2021-03-31.ThomasAM_2019_c.relative_abundance.gender.tsv	10.179645299911499
2021-03-31.ThomasAM_2019_c.relative_abundance.study_condition.tsv	10.369449615478516
2021-03-31.VatanenT_2016.relative_abundance.age_category.tsv	11.083051204681396
2021-03-31.VatanenT_2016.relative_abundance.gender.tsv	10.871334314346313
2021-03-31.VilaAV_2018.relative_abundance.gender.tsv	9.208370447158813
2021-03-31.VincentC_2016.relative_abundance.gender.tsv	10.155685663223267
2021-03-31.VogtmannE_2016.relative_abundance.age_category.tsv	10.687294721603394
2021-03-31.VogtmannE_2016.relative_abundance.study_condition.tsv	9.69231367111206
2021-03-31.WampachL_2018.relative_abundance.age_category.tsv	8.9062659740448
2021-03-31.WampachL_2018.relative_abundance.born_method.tsv	10.098339796066284
2021-03-31.WampachL_2018.relative_abundance.gender.tsv	7.315802574157715
2021-03-31.WirbelJ_2018.relative_abundance.age_category.tsv	9.673182010650635
2021-03-31.WirbelJ_2018.relative_abundance.gender.tsv	8.245290517807007
2021-03-31.WirbelJ_2018.relative_abundance.study_condition.tsv	10.87171983718872
2021-03-31.XieH_2016.relative_abundance.birth_order.tsv	10.135434627532959
2021-03-31.XieH_2016.relative_abundance.ever_smoker.tsv	9.108184814453125
2021-03-31.YachidaS_2019.relative_abundance.age_category.tsv	11.076992511749268
2021-03-31.YachidaS_2019.relative_abundance.gender.tsv	11.804546594619751
2021-03-31.YassourM_2018.relative_abundance.age_category.tsv	9.807368755340576
2021-03-31.YassourM_2018.relative_abundance.family_role.tsv	9.490496635437012
2021-03-31.YassourM_2018.relative_abundance.feeding_practice.tsv	10.949434280395508
2021-03-31.YeZ_2018.relative_abundance.study_condition.tsv	8.641203165054321
2021-03-31.YuJ_2015.relative_abundance.age_category.tsv	8.209115743637085
2021-03-31.YuJ_2015.relative_abundance.ever_smoker.tsv	8.177746772766113
2021-03-31.YuJ_2015.relative_abundance.gender.tsv	8.810599565505981
2021-03-31.YuJ_2015.relative_abundance.study_condition.tsv	10.147298097610474
2021-03-31.ZeeviD_2015.relative_abundance.gender.tsv	11.598603010177612
2021-03-31.ZellerG_2014.relative_abundance.age_category.tsv	8.465372085571289
2021-03-31.ZellerG_2014.relative_abundance.gender.tsv	10.055668830871582
2021-03-31.ZhuF_2020.relative_abundance.disease_subtype.tsv	9.311198472976685
2021-03-31.ZhuF_2020.relative_abundance.gender.tsv	10.7320556640625
2021-03-31.ZhuF_2020.relative_abundance.study_condition.tsv	9.046170711517334
2021-04-02.ChuDM_2017.relative_abundance.gender.tsv	9.609914779663086
2021-04-02.PehrssonE_2016.relative_abundance.country.tsv	10.515358686447144
2021-04-02.PehrssonE_2016.relative_abundance.gender.tsv	10.69481348991394
2021-04-02.PehrssonE_2016.relative_abundance.location.tsv	10.56226110458374
2021-10-14.BackhedF_2015.relative_abundance.gender.tsv	9.439185619354248
2021-10-14.BrooksB_2017.relative_abundance.born_method.tsv	9.984815835952759
2021-10-14.BrooksB_2017.relative_abundance.gender.tsv	9.993497848510742
2021-10-14.ChengpingW_2017.relative_abundance.gender.tsv	8.541846990585327
2021-10-14.ChengpingW_2017.relative_abundance.treatment.tsv	10.290772199630737
2021-10-14.CosteaPI_2017.relative_abundance.country.tsv	10.521825790405273
2021-10-14.CosteaPI_2017.relative_abundance.gender.tsv	10.379582166671753
2021-10-14.HMP_2019_ibdmdb.relative_abundance.disease_subtype.tsv	11.60685682296753
2021-10-14.HMP_2019_ibdmdb.relative_abundance.gender.tsv	11.801444053649902
2021-10-14.HallAB_2017.relative_abundance.disease_subtype.tsv	10.405393838882446
2021-10-14.HallAB_2017.relative_abundance.location.tsv	9.931487321853638
2021-10-14.HansenLBS_2018.relative_abundance.gender.tsv	10.473387241363525
2021-10-14.HansenLBS_2018.relative_abundance.uncurated_metadata.tsv	9.396990776062012
2021-10-14.IjazUZ_2017.relative_abundance.remission.tsv	8.816669702529907
2021-10-14.IjazUZ_2017.relative_abundance.study_condition.tsv	9.085608720779419
2021-10-14.JieZ_2017.relative_abundance.gender.tsv	11.714840173721313
2021-10-14.JieZ_2017.relative_abundance.smoker.tsv	8.098043441772461
2021-10-14.JieZ_2017.relative_abundance.study_condition.tsv	10.26475977897644
2021-10-14.KieserS_2018.relative_abundance.location.tsv	8.18816590309143
2021-10-14.KieserS_2018.relative_abundance.study_condition.tsv	9.151803493499756
2021-10-14.LiuW_2016.relative_abundance.non_westernized.tsv	10.340901613235474
2021-10-14.LokmerA_2019.relative_abundance.gender.tsv	10.174331665039062
2021-10-14.MatsonV_2018.relative_abundance.anti_PD_1.tsv	8.62662649154663
2021-10-14.NagySzakalD_2017.relative_abundance.study_condition.tsv	9.875884771347046
2021-10-14.OhJ_2014.relative_abundance.gender.tsv	11.803023338317871
2021-10-14.PehrssonE_2016.relative_abundance.country.tsv	10.517874240875244
2021-10-14.PehrssonE_2016.relative_abundance.gender.tsv	10.625775814056396
2021-10-14.PehrssonE_2016.relative_abundance.location.tsv	10.430753231048584
2021-10-14.QinJ_2012.relative_abundance.gender.tsv	10.510787725448608
2021-10-14.QinJ_2012.relative_abundance.study_condition.tsv	11.21277117729187
2021-10-14.RubelMA_2020.relative_abundance.gender.tsv	9.721506595611572
2021-10-14.RubelMA_2020.relative_abundance.study_condition.tsv	10.376882314682007
2021-10-14.ShiB_2015.relative_abundance.study_condition.tsv	8.928050756454468
2021-10-14.YachidaS_2019.relative_abundance.age_category.tsv	11.310540914535522
2021-10-14.YachidaS_2019.relative_abundance.gender.tsv	11.160555124282837
2022-04-13.FrankelAE_2017.relative_abundance.ORR.tsv	8.422871112823486
2022-04-13.FrankelAE_2017.relative_abundance.age_category.tsv	9.064460515975952
2022-04-13.LeeKA_2022.relative_abundance.ORR.tsv	9.237760543823242
2022-04-13.LeeKA_2022.relative_abundance.PFS12.tsv	9.28465986251831
2022-04-13.LeeKA_2022.relative_abundance.age_category.tsv	9.821284532546997
2022-04-13.LeeKA_2022.relative_abundance.gender.tsv	9.578203916549683
