2021-03-31.BackhedF_2015.relative_abundance.gender.tsv	8.763187646865845
2021-03-31.BritoIL_2016.relative_abundance.body_site.tsv	2.396406412124634
2021-03-31.BritoIL_2016.relative_abundance.gender.tsv	3.7861502170562744
2021-03-31.BrooksB_2017.relative_abundance.born_method.tsv	2.770301580429077
2021-03-31.BrooksB_2017.relative_abundance.gender.tsv	2.7512476444244385
2021-03-31.ChengpingW_2017.relative_abundance.gender.tsv	2.962395191192627
2021-03-31.ChengpingW_2017.relative_abundance.treatment.tsv	2.9222240447998047
2021-03-31.ChngKR_2016.relative_abundance.alcohol.tsv	2.6976661682128906
2021-03-31.ChngKR_2016.relative_abundance.gender.tsv	2.8374505043029785
2021-03-31.ChngKR_2016.relative_abundance.study_condition.tsv	2.849400043487549
2021-03-31.CosteaPI_2017.relative_abundance.country.tsv	3.3601107597351074
2021-03-31.CosteaPI_2017.relative_abundance.gender.tsv	3.424846887588501
2021-03-31.DavidLA_2015.relative_abundance.age_category.tsv	2.8337502479553223
2021-03-31.DavidLA_2015.relative_abundance.body_subsite.tsv	2.5050177574157715
2021-03-31.DeFilippisF_2019.relative_abundance.gender.tsv	3.083948850631714
2021-03-31.DhakanDB_2019.relative_abundance.gender.tsv	2.825003147125244
2021-03-31.DhakanDB_2019.relative_abundance.location.tsv	2.844496488571167
2021-03-31.FengQ_2015.relative_abundance.age_category.tsv	3.1373989582061768
2021-03-31.FengQ_2015.relative_abundance.disease_subtype.tsv	3.323829174041748
2021-03-31.FengQ_2015.relative_abundance.gender.tsv	3.3886992931365967
2021-03-31.FerrettiP_2018.relative_abundance.age_category.tsv	3.4565603733062744
2021-03-31.FerrettiP_2018.relative_abundance.family_role.tsv	3.3130228519439697
2021-03-31.GhensiP_2019.relative_abundance.dental_sample_type.tsv	2.737489938735962
2021-03-31.GhensiP_2019.relative_abundance.ever_smoker.tsv	2.83739972114563
2021-03-31.GhensiP_2019.relative_abundance.history_of_periodontitis.tsv	2.8659486770629883
2021-03-31.GuptaA_2019.relative_abundance.gender.tsv	2.7037482261657715
2021-03-31.GuptaA_2019.relative_abundance.location.tsv	2.7523016929626465
2021-03-31.GuptaA_2019.relative_abundance.study_condition.tsv	2.7391445636749268
2021-03-31.HMP_2012.relative_abundance.gender.tsv	4.203247785568237
2021-03-31.HMP_2019_ibdmdb.relative_abundance.disease_subtype.tsv	4.163080215454102
2021-03-31.HMP_2019_ibdmdb.relative_abundance.gender.tsv	4.468849182128906
2021-03-31.HMP_2019_t2d.relative_abundance.gender.tsv	2.9990499019622803
2021-03-31.HallAB_2017.relative_abundance.disease_subtype.tsv	3.213226079940796
2021-03-31.HallAB_2017.relative_abundance.location.tsv	3.212822914123535
2021-03-31.HanniganGD_2017.relative_abundance.country.tsv	2.8861279487609863
2021-03-31.HanniganGD_2017.relative_abundance.gender.tsv	2.946895122528076
2021-03-31.HansenLBS_2018.relative_abundance.gender.tsv	3.317922353744507
2021-03-31.HansenLBS_2018.relative_abundance.uncurated_metadata.tsv	3.1578783988952637
2021-03-31.IjazUZ_2017.relative_abundance.remission.tsv	2.61547589302063
2021-03-31.IjazUZ_2017.relative_abundance.study_condition.tsv	2.698472023010254
2021-03-31.JieZ_2017.relative_abundance.gender.tsv	3.6245148181915283
2021-03-31.JieZ_2017.relative_abundance.smoker.tsv	3.034635305404663
2021-03-31.JieZ_2017.relative_abundance.study_condition.tsv	3.667858362197876
2021-03-31.KeohaneDM_2020.relative_abundance.ever_smoker.tsv	2.889708995819092
2021-03-31.KeohaneDM_2020.relative_abundance.gender.tsv	2.8094735145568848
2021-03-31.KeohaneDM_2020.relative_abundance.smoker.tsv	2.8091557025909424
2021-03-31.KieserS_2018.relative_abundance.location.tsv	2.410531997680664
2021-03-31.KieserS_2018.relative_abundance.study_condition.tsv	2.441898822784424
2021-03-31.KosticAD_2015.relative_abundance.disease_subtype.tsv	2.904181718826294
2021-03-31.KosticAD_2015.relative_abundance.gender.tsv	2.851079225540161
2021-03-31.LeChatelierE_2013.relative_abundance.gender.tsv	3.3534722328186035
2021-03-31.LiJ_2014.relative_abundance.disease_subtype.tsv	3.1973931789398193
2021-03-31.LiJ_2014.relative_abundance.gender.tsv	3.3113460540771484
2021-03-31.LifeLinesDeep_2016.relative_abundance.gender.tsv	4.553730010986328
2021-03-31.LiuW_2016.relative_abundance.non_westernized.tsv	2.994103193283081
2021-03-31.LokmerA_2019.relative_abundance.gender.tsv	2.9545955657958984
2021-03-31.LomanNJ_2013.relative_abundance.shigatoxin_2_elisa.tsv	2.598707437515259
2021-03-31.MatsonV_2018.relative_abundance.anti_PD_1.tsv	2.784170627593994
2021-03-31.NagySzakalD_2017.relative_abundance.study_condition.tsv	2.881525993347168
2021-03-31.NielsenHB_2014.relative_abundance.country.tsv	3.4349958896636963
2021-03-31.NielsenHB_2014.relative_abundance.gender.tsv	3.4433441162109375
2021-03-31.NielsenHB_2014.relative_abundance.study_condition.tsv	3.5246098041534424
2021-03-31.Obregon-TitoAJ_2015.relative_abundance.country.tsv	2.7342684268951416
2021-03-31.Obregon-TitoAJ_2015.relative_abundance.gender.tsv	2.847539186477661
2021-03-31.Obregon-TitoAJ_2015.relative_abundance.non_westernized.tsv	2.7762837409973145
2021-03-31.OhJ_2014.relative_abundance.gender.tsv	3.9774937629699707
2021-03-31.PasolliE_2019.relative_abundance.gender.tsv	3.0397908687591553
2021-03-31.QinJ_2012.relative_abundance.gender.tsv	3.5878310203552246
2021-03-31.QinJ_2012.relative_abundance.study_condition.tsv	3.461988687515259
2021-03-31.QinN_2014.relative_abundance.gender.tsv	3.388024091720581
2021-03-31.QinN_2014.relative_abundance.study_condition.tsv	3.278305768966675
2021-03-31.RampelliS_2015.relative_abundance.gender.tsv	2.717717170715332
2021-03-31.RaymondF_2016.relative_abundance.gender.tsv	2.776728391647339
2021-03-31.RubelMA_2020.relative_abundance.gender.tsv	2.911839008331299
2021-03-31.RubelMA_2020.relative_abundance.study_condition.tsv	2.9591822624206543
2021-03-31.SchirmerM_2016.relative_abundance.birth_control_pil.tsv	3.352410078048706
2021-03-31.SchirmerM_2016.relative_abundance.gender.tsv	3.360978841781616
2021-03-31.ShaoY_2019.relative_abundance.born_method.tsv	4.971163988113403
2021-03-31.ShaoY_2019.relative_abundance.gender.tsv	4.743419170379639
2021-03-31.ShiB_2015.relative_abundance.study_condition.tsv	2.7094430923461914
2021-03-31.SmitsSA_2017.relative_abundance.gender.tsv	2.622529983520508
2021-03-31.TettAJ_2016.relative_abundance.gender.tsv	2.9327402114868164
2021-03-31.TettAJ_2016.relative_abundance.location.tsv	2.941157341003418
2021-03-31.TettAJ_2016.relative_abundance.study_condition.tsv	2.9178366661071777
2021-03-31.TettAJ_2019_c.relative_abundance.family_role.tsv	2.8908751010894775
2021-03-31.ThomasAM_2018a.relative_abundance.age_category.tsv	2.966742992401123
2021-03-31.ThomasAM_2018a.relative_abundance.disease_subtype.tsv	3.0704092979431152
2021-03-31.ThomasAM_2018a.relative_abundance.gender.tsv	3.0760159492492676
2021-03-31.ThomasAM_2018b.relative_abundance.gender.tsv	2.893930673599243
2021-03-31.ThomasAM_2018b.relative_abundance.study_condition.tsv	2.923175573348999
2021-03-31.ThomasAM_2019_c.relative_abundance.age_category.tsv	3.1196906566619873
2021-03-31.ThomasAM_2019_c.relative_abundance.gender.tsv	2.9963936805725098
2021-03-31.ThomasAM_2019_c.relative_abundance.study_condition.tsv	2.9087014198303223
2021-03-31.VatanenT_2016.relative_abundance.age_category.tsv	3.439824104309082
2021-03-31.VatanenT_2016.relative_abundance.gender.tsv	3.6951656341552734
2021-03-31.VilaAV_2018.relative_abundance.gender.tsv	3.1785175800323486
2021-03-31.VincentC_2016.relative_abundance.gender.tsv	3.0258891582489014
2021-03-31.VogtmannE_2016.relative_abundance.age_category.tsv	3.1121060848236084
2021-03-31.VogtmannE_2016.relative_abundance.study_condition.tsv	3.0893566608428955
2021-03-31.WampachL_2018.relative_abundance.age_category.tsv	2.7309935092926025
2021-03-31.WampachL_2018.relative_abundance.born_method.tsv	2.580874443054199
2021-03-31.WampachL_2018.relative_abundance.gender.tsv	2.721351146697998
2021-03-31.WirbelJ_2018.relative_abundance.age_category.tsv	2.94223952293396
2021-03-31.WirbelJ_2018.relative_abundance.gender.tsv	3.2351999282836914
2021-03-31.WirbelJ_2018.relative_abundance.study_condition.tsv	3.237628936767578
2021-03-31.XieH_2016.relative_abundance.birth_order.tsv	3.4945034980773926
2021-03-31.XieH_2016.relative_abundance.ever_smoker.tsv	3.211958646774292
2021-03-31.YachidaS_2019.relative_abundance.age_category.tsv	3.798172950744629
2021-03-31.YachidaS_2019.relative_abundance.gender.tsv	4.033497333526611
2021-03-31.YassourM_2018.relative_abundance.age_category.tsv	2.3156020641326904
2021-03-31.YassourM_2018.relative_abundance.family_role.tsv	2.2483701705932617
2021-03-31.YassourM_2018.relative_abundance.feeding_practice.tsv	2.9377293586730957
2021-03-31.YeZ_2018.relative_abundance.study_condition.tsv	2.8191134929656982
2021-03-31.YuJ_2015.relative_abundance.age_category.tsv	3.211216449737549
2021-03-31.YuJ_2015.relative_abundance.ever_smoker.tsv	2.9870920181274414
2021-03-31.YuJ_2015.relative_abundance.gender.tsv	2.941861629486084
2021-03-31.YuJ_2015.relative_abundance.study_condition.tsv	2.9278922080993652
2021-03-31.ZeeviD_2015.relative_abundance.gender.tsv	4.396499156951904
2021-03-31.ZellerG_2014.relative_abundance.age_category.tsv	3.2196555137634277
2021-03-31.ZellerG_2014.relative_abundance.gender.tsv	3.2440762519836426
2021-03-31.ZhuF_2020.relative_abundance.disease_subtype.tsv	2.966491937637329
2021-03-31.ZhuF_2020.relative_abundance.gender.tsv	3.059628486633301
2021-03-31.ZhuF_2020.relative_abundance.study_condition.tsv	3.075420618057251
2021-04-02.ChuDM_2017.relative_abundance.gender.tsv	3.0097124576568604
2021-04-02.PehrssonE_2016.relative_abundance.country.tsv	2.2556259632110596
2021-04-02.PehrssonE_2016.relative_abundance.gender.tsv	2.790065050125122
2021-04-02.PehrssonE_2016.relative_abundance.location.tsv	2.3393280506134033
2021-10-14.BackhedF_2015.relative_abundance.gender.tsv	3.3337485790252686
2021-10-14.BrooksB_2017.relative_abundance.born_method.tsv	2.778714179992676
2021-10-14.BrooksB_2017.relative_abundance.gender.tsv	2.752807855606079
2021-10-14.ChengpingW_2017.relative_abundance.gender.tsv	2.9915292263031006
2021-10-14.ChengpingW_2017.relative_abundance.treatment.tsv	3.115419864654541
2021-10-14.CosteaPI_2017.relative_abundance.country.tsv	3.349946975708008
2021-10-14.CosteaPI_2017.relative_abundance.gender.tsv	3.183336019515991
2021-10-14.HMP_2019_ibdmdb.relative_abundance.disease_subtype.tsv	4.14830207824707
2021-10-14.HMP_2019_ibdmdb.relative_abundance.gender.tsv	4.424070835113525
2021-10-14.HallAB_2017.relative_abundance.disease_subtype.tsv	3.098249912261963
2021-10-14.HallAB_2017.relative_abundance.location.tsv	3.1094658374786377
2021-10-14.HansenLBS_2018.relative_abundance.gender.tsv	3.1478183269500732
2021-10-14.HansenLBS_2018.relative_abundance.uncurated_metadata.tsv	3.1599297523498535
2021-10-14.IjazUZ_2017.relative_abundance.remission.tsv	2.817610502243042
2021-10-14.IjazUZ_2017.relative_abundance.study_condition.tsv	3.0106279850006104
2021-10-14.JieZ_2017.relative_abundance.gender.tsv	3.7058041095733643
2021-10-14.JieZ_2017.relative_abundance.smoker.tsv	3.2043027877807617
2021-10-14.JieZ_2017.relative_abundance.study_condition.tsv	3.8381998538970947
2021-10-14.KieserS_2018.relative_abundance.location.tsv	2.4601666927337646
2021-10-14.KieserS_2018.relative_abundance.study_condition.tsv	2.4520087242126465
2021-10-14.LiuW_2016.relative_abundance.non_westernized.tsv	3.100609540939331
2021-10-14.LokmerA_2019.relative_abundance.gender.tsv	2.8935110569000244
2021-10-14.MatsonV_2018.relative_abundance.anti_PD_1.tsv	2.8491036891937256
2021-10-14.NagySzakalD_2017.relative_abundance.study_condition.tsv	2.958756923675537
2021-10-14.OhJ_2014.relative_abundance.gender.tsv	4.030359268188477
2021-10-14.PehrssonE_2016.relative_abundance.country.tsv	2.4327149391174316
2021-10-14.PehrssonE_2016.relative_abundance.gender.tsv	2.8941640853881836
2021-10-14.PehrssonE_2016.relative_abundance.location.tsv	2.3615612983703613
2021-10-14.QinJ_2012.relative_abundance.gender.tsv	3.6269149780273438
2021-10-14.QinJ_2012.relative_abundance.study_condition.tsv	3.4500668048858643
2021-10-14.RubelMA_2020.relative_abundance.gender.tsv	2.7654366493225098
2021-10-14.RubelMA_2020.relative_abundance.study_condition.tsv	2.9090323448181152
2021-10-14.ShiB_2015.relative_abundance.study_condition.tsv	2.654841423034668
2021-10-14.YachidaS_2019.relative_abundance.age_category.tsv	4.0918848514556885
2021-10-14.YachidaS_2019.relative_abundance.gender.tsv	4.136910438537598
2022-04-13.FrankelAE_2017.relative_abundance.ORR.tsv	3.0450148582458496
2022-04-13.FrankelAE_2017.relative_abundance.age_category.tsv	2.8790290355682373
2022-04-13.LeeKA_2022.relative_abundance.ORR.tsv	3.2607967853546143
2022-04-13.LeeKA_2022.relative_abundance.PFS12.tsv	3.27903413772583
2022-04-13.LeeKA_2022.relative_abundance.age_category.tsv	3.1424925327301025
2022-04-13.LeeKA_2022.relative_abundance.gender.tsv	3.170335531234741
